<?xml version="1.0" encoding="UTF-8"?>
<!-- Generated by org.testng.reporters.JUnitReportReporter -->
<testsuite hostname="DELL-1014" failures="0" tests="1" name="com.crm.OrgTest.OrgTest" time="0.007" errors="0" timestamp="18 Oct 2021 13:35:34 GMT" skipped="0">
  <testcase classname="com.crm.OrgTest.OrgTest" name="createOrg" time="0.007"/>
</testsuite> <!-- com.crm.OrgTest.OrgTest -->
