<?xml version="1.0" encoding="UTF-8"?>
<!-- Generated by org.testng.reporters.JUnitReportReporter -->
<testsuite hostname="DELL-1014" failures="0" tests="1" name="com.crm.ContactTest.ContactTest" time="0.027" errors="0" timestamp="18 Oct 2021 13:35:34 GMT" skipped="0">
  <testcase classname="com.crm.ContactTest.ContactTest" name="createContact" time="0.027"/>
</testsuite> <!-- com.crm.ContactTest.ContactTest -->
